Using pre-set license
Built from '2020.2/release' branch; Version is '2020.2.4f1 (becced5a802b) revision 12504301'; Using compiler version '192528614'; Build Type 'Release'
OS: 'Windows 10 Home; OS build 19043.1165; Version 2009; 64bit' Language: 'en' Physical Memory: 8038 MB
BatchMode: 1, IsHumanControllingUs: 0, StartBugReporterOnCrash: 0, Is64bit: 1, IsPro: 0

 COMMAND LINE ARGUMENTS:
C:\Program Files\Unity\Hub\Editor\2020.2.4f1\Editor\Unity.exe
-adb2
-batchMode
-noUpm
-name
AssetImportWorker0
-projectPath
C:/Users/dawso.DESKTOP-SK6U4T8/Desktop/Unity/Intro to Computer Games Development/Lab Week 4 - Activity
-logFile
Logs/AssetImportWorker0.log
-srvPort
65534
Successfully changed project path to: C:/Users/dawso.DESKTOP-SK6U4T8/Desktop/Unity/Intro to Computer Games Development/Lab Week 4 - Activity
C:/Users/dawso.DESKTOP-SK6U4T8/Desktop/Unity/Intro to Computer Games Development/Lab Week 4 - Activity
Using Asset Import Pipeline V2.
Refreshing native plugins compatible for Editor in 23.10 ms, found 0 plugins.
Preloading 0 native plugins for Editor in 0.00 ms.
Initialize engine version: 2020.2.4f1 (becced5a802b)
[Subsystems] Discovering subsystems at path C:/Program Files/Unity/Hub/Editor/2020.2.4f1/Editor/Data/Resources/UnitySubsystems
[Subsystems] Discovering subsystems at path C:/Users/dawso.DESKTOP-SK6U4T8/Desktop/Unity/Intro to Computer Games Development/Lab Week 4 - Activity/Assets
GfxDevice: creating device client; threaded=0
Direct3D:
    Version:  Direct3D 11.0 [level 11.1]
    Renderer: NVIDIA GeForce RTX 3060 Ti (ID=0x2489)
    Vendor:   
    VRAM:     8050 MB
    Driver:   30.0.14.7168
Initialize mono
Mono path[0] = 'C:/Program Files/Unity/Hub/Editor/2020.2.4f1/Editor/Data/Managed'
Mono path[1] = 'C:/Program Files/Unity/Hub/Editor/2020.2.4f1/Editor/Data/MonoBleedingEdge/lib/mono/unityjit'
Mono config path = 'C:/Program Files/Unity/Hub/Editor/2020.2.4f1/Editor/Data/MonoBleedingEdge/etc'
Using monoOptions --debugger-agent=transport=dt_socket,embedding=1,server=y,suspend=n,address=127.0.0.1:56904
Begin MonoManager ReloadAssembly
Registering precompiled unity dll's ...
Register platform support module: C:/Program Files/Unity/Hub/Editor/2020.2.4f1/Editor/Data/PlaybackEngines/WindowsStandaloneSupport/UnityEditor.WindowsStandalone.Extensions.dll
Registered in 0.001940 seconds.
Native extension for WindowsStandalone target not found
Refreshing native plugins compatible for Editor in 20.59 ms, found 0 plugins.
Preloading 0 native plugins for Editor in 0.00 ms.
Invoked RoslynAnalysisRunner static constructor.
RoslynAnalysisRunner will not be running.
RoslynAnalysisRunner has terminated.
Mono: successfully reloaded assembly
- Completed reload, in  1.079 seconds
Platform modules already initialized, skipping
Registering precompiled user dll's ...
Registered in 0.000685 seconds.
Begin MonoManager ReloadAssembly
Native extension for WindowsStandalone target not found
Refreshing native plugins compatible for Editor in 0.21 ms, found 0 plugins.
Preloading 0 native plugins for Editor in 0.00 ms.
Invoked RoslynAnalysisRunner static constructor.
RoslynAnalysisRunner will not be running.
RoslynAnalysisRunner has terminated.
Mono: successfully reloaded assembly
- Completed reload, in  0.772 seconds
Platform modules already initialized, skipping
========================================================================
Worker process is ready to serve import requests
Launched and connected shader compiler UnityShaderCompiler.exe after 0.06 seconds
Refreshing native plugins compatible for Editor in 0.18 ms, found 0 plugins.
Preloading 0 native plugins for Editor in 0.00 ms.
Unloading 1081 Unused Serialized files (Serialized files now loaded: 0)
System memory in use before: 56.4 MB.
System memory in use after: 56.4 MB.

Unloading 9 unused Assets to reduce memory usage. Loaded Objects now: 1523.
Total: 2.060400 ms (FindLiveObjects: 0.359300 ms CreateObjectMapping: 0.149400 ms MarkObjects: 1.484900 ms  DeleteObjects: 0.064700 ms)

========================================================================
Received Import Request.
  path: Assets/Scripts/ConsolePrint.cs
  artifactKey: Guid(c06b78fd3b1d43242b1df6be22184d9e) Importer(815301076,1909f56bfc062723c751e8b465ee728b)
Start importing Assets/Scripts/ConsolePrint.cs using Guid(c06b78fd3b1d43242b1df6be22184d9e) Importer(815301076,1909f56bfc062723c751e8b465ee728b)  -> (artifact id: '17db5b07d3e1214a58478acef9a65583') in 0.032493 seconds
  Import took 0.035958 seconds .

========================================================================
Received Import Request.
  Time since last request: 91.310403 seconds.
  path: Assets/Prefabs/RedPrefab.prefab
  artifactKey: Guid(ec3b0f8abef4aae4bbf3d6137dad2dd7) Importer(815301076,1909f56bfc062723c751e8b465ee728b)
Start importing Assets/Prefabs/RedPrefab.prefab using Guid(ec3b0f8abef4aae4bbf3d6137dad2dd7) Importer(815301076,1909f56bfc062723c751e8b465ee728b)  -> (artifact id: 'd3a28de63dbb03b3e7951f8201603f65') in 0.089329 seconds
  Import took 0.092942 seconds .

========================================================================
Received Prepare
Registering precompiled user dll's ...
Registered in 0.000771 seconds.
Begin MonoManager ReloadAssembly
Native extension for WindowsStandalone target not found
Refreshing native plugins compatible for Editor in 0.19 ms, found 0 plugins.
Preloading 0 native plugins for Editor in 0.00 ms.
Invoked RoslynAnalysisRunner static constructor.
RoslynAnalysisRunner will not be running.
RoslynAnalysisRunner has terminated.
Mono: successfully reloaded assembly
- Completed reload, in  0.729 seconds
Platform modules already initialized, skipping
Refreshing native plugins compatible for Editor in 0.19 ms, found 0 plugins.
Preloading 0 native plugins for Editor in 0.00 ms.
Unloading 1075 Unused Serialized files (Serialized files now loaded: 0)
System memory in use before: 59.4 MB.
System memory in use after: 59.5 MB.

Unloading 4 unused Assets to reduce memory usage. Loaded Objects now: 1533.
Total: 1.537500 ms (FindLiveObjects: 0.149900 ms CreateObjectMapping: 0.036000 ms MarkObjects: 1.336100 ms  DeleteObjects: 0.013700 ms)

========================================================================
Received Import Request.
  Time since last request: 200.835264 seconds.
  path: Assets/Scripts/ConsolePrint.cs
  artifactKey: Guid(c06b78fd3b1d43242b1df6be22184d9e) Importer(815301076,1909f56bfc062723c751e8b465ee728b)
Start importing Assets/Scripts/ConsolePrint.cs using Guid(c06b78fd3b1d43242b1df6be22184d9e) Importer(815301076,1909f56bfc062723c751e8b465ee728b)  -> (artifact id: '8d0cb881709d5a400393488d58e86216') in 0.006550 seconds
  Import took 0.009890 seconds .

========================================================================
Received Import Request.
  Time since last request: 28.876310 seconds.
  path: Assets/Prefabs/RedPrefab.prefab
  artifactKey: Guid(ec3b0f8abef4aae4bbf3d6137dad2dd7) Importer(815301076,1909f56bfc062723c751e8b465ee728b)
Start importing Assets/Prefabs/RedPrefab.prefab using Guid(ec3b0f8abef4aae4bbf3d6137dad2dd7) Importer(815301076,1909f56bfc062723c751e8b465ee728b)  -> (artifact id: '6228a33acd7c39bd28f03e592e337141') in 0.051469 seconds
  Import took 0.053836 seconds .

========================================================================
Received Prepare
Registering precompiled user dll's ...
Registered in 0.000651 seconds.
Begin MonoManager ReloadAssembly
Native extension for WindowsStandalone target not found
Refreshing native plugins compatible for Editor in 0.20 ms, found 0 plugins.
Preloading 0 native plugins for Editor in 0.00 ms.
Invoked RoslynAnalysisRunner static constructor.
RoslynAnalysisRunner will not be running.
RoslynAnalysisRunner has terminated.
Mono: successfully reloaded assembly
- Completed reload, in  0.720 seconds
Platform modules already initialized, skipping
Refreshing native plugins compatible for Editor in 0.19 ms, found 0 plugins.
Preloading 0 native plugins for Editor in 0.00 ms.
Unloading 1075 Unused Serialized files (Serialized files now loaded: 0)
System memory in use before: 59.5 MB.
System memory in use after: 59.6 MB.

Unloading 4 unused Assets to reduce memory usage. Loaded Objects now: 1536.
Total: 1.456100 ms (FindLiveObjects: 0.116600 ms CreateObjectMapping: 0.032500 ms MarkObjects: 1.294200 ms  DeleteObjects: 0.011800 ms)

========================================================================
Received Prepare
Registering precompiled user dll's ...
Registered in 0.000740 seconds.
Begin MonoManager ReloadAssembly
Native extension for WindowsStandalone target not found
Refreshing native plugins compatible for Editor in 0.18 ms, found 0 plugins.
Preloading 0 native plugins for Editor in 0.00 ms.
Invoked RoslynAnalysisRunner static constructor.
RoslynAnalysisRunner will not be running.
RoslynAnalysisRunner has terminated.
Mono: successfully reloaded assembly
- Completed reload, in  0.712 seconds
Platform modules already initialized, skipping
Refreshing native plugins compatible for Editor in 0.18 ms, found 0 plugins.
Preloading 0 native plugins for Editor in 0.00 ms.
Unloading 1075 Unused Serialized files (Serialized files now loaded: 0)
System memory in use before: 59.5 MB.
System memory in use after: 59.6 MB.

Unloading 4 unused Assets to reduce memory usage. Loaded Objects now: 1538.
Total: 3.185400 ms (FindLiveObjects: 0.267600 ms CreateObjectMapping: 0.086200 ms MarkObjects: 2.803300 ms  DeleteObjects: 0.024800 ms)

========================================================================
Received Import Request.
  Time since last request: 209.750841 seconds.
  path: Assets/Scripts/ConsolePrint.cs
  artifactKey: Guid(c06b78fd3b1d43242b1df6be22184d9e) Importer(815301076,1909f56bfc062723c751e8b465ee728b)
Start importing Assets/Scripts/ConsolePrint.cs using Guid(c06b78fd3b1d43242b1df6be22184d9e) Importer(815301076,1909f56bfc062723c751e8b465ee728b)  -> (artifact id: '03e50cdb79b84cb332086d29a52e7794') in 0.007831 seconds
  Import took 0.009815 seconds .

========================================================================
Received Import Request.
  Time since last request: 8.462981 seconds.
  path: Assets/Material
  artifactKey: Guid(63105c0210d7ebe4aabc6f5f6c88f14b) Importer(815301076,1909f56bfc062723c751e8b465ee728b)
Start importing Assets/Material using Guid(63105c0210d7ebe4aabc6f5f6c88f14b) Importer(815301076,1909f56bfc062723c751e8b465ee728b)  -> (artifact id: '48aa9e890244931801f4ee0926c6b7bd') in 0.004262 seconds
  Import took 0.007591 seconds .

========================================================================
Received Prepare
Registering precompiled user dll's ...
Registered in 0.000709 seconds.
Begin MonoManager ReloadAssembly
Native extension for WindowsStandalone target not found
Refreshing native plugins compatible for Editor in 0.19 ms, found 0 plugins.
Preloading 0 native plugins for Editor in 0.00 ms.
Invoked RoslynAnalysisRunner static constructor.
RoslynAnalysisRunner will not be running.
RoslynAnalysisRunner has terminated.
Mono: successfully reloaded assembly
- Completed reload, in  0.693 seconds
Platform modules already initialized, skipping
Refreshing native plugins compatible for Editor in 0.19 ms, found 0 plugins.
Preloading 0 native plugins for Editor in 0.00 ms.
Unloading 1075 Unused Serialized files (Serialized files now loaded: 0)
System memory in use before: 59.5 MB.
System memory in use after: 59.6 MB.

Unloading 4 unused Assets to reduce memory usage. Loaded Objects now: 1540.
Total: 1.663300 ms (FindLiveObjects: 0.187600 ms CreateObjectMapping: 0.048300 ms MarkObjects: 1.410800 ms  DeleteObjects: 0.014600 ms)

========================================================================
Received Import Request.
  Time since last request: 21.567720 seconds.
  path: Assets/Prefabs/BluePrefab.prefab
  artifactKey: Guid(1678cc98f437e6844bf70bd72ec07fef) Importer(815301076,1909f56bfc062723c751e8b465ee728b)
Start importing Assets/Prefabs/BluePrefab.prefab using Guid(1678cc98f437e6844bf70bd72ec07fef) Importer(815301076,1909f56bfc062723c751e8b465ee728b)  -> (artifact id: 'c6cfc553c03c46f8a4cac15bce3ccd33') in 0.048534 seconds
  Import took 0.051725 seconds .

========================================================================
Received Prepare
Registering precompiled user dll's ...
Registered in 0.000709 seconds.
Begin MonoManager ReloadAssembly
Native extension for WindowsStandalone target not found
Refreshing native plugins compatible for Editor in 0.18 ms, found 0 plugins.
Preloading 0 native plugins for Editor in 0.00 ms.
Invoked RoslynAnalysisRunner static constructor.
RoslynAnalysisRunner will not be running.
RoslynAnalysisRunner has terminated.
Mono: successfully reloaded assembly
- Completed reload, in  0.686 seconds
Platform modules already initialized, skipping
Refreshing native plugins compatible for Editor in 0.21 ms, found 0 plugins.
Preloading 0 native plugins for Editor in 0.00 ms.
Unloading 1075 Unused Serialized files (Serialized files now loaded: 0)
System memory in use before: 59.5 MB.
System memory in use after: 59.6 MB.

Unloading 4 unused Assets to reduce memory usage. Loaded Objects now: 1543.
Total: 1.560900 ms (FindLiveObjects: 0.115800 ms CreateObjectMapping: 0.034500 ms MarkObjects: 1.396000 ms  DeleteObjects: 0.013700 ms)

