Using pre-set license
Built from '2020.2/release' branch; Version is '2020.2.4f1 (becced5a802b) revision 12504301'; Using compiler version '192528614'; Build Type 'Release'
OS: 'Windows 10 Home; OS build 19043.1165; Version 2009; 64bit' Language: 'en' Physical Memory: 8038 MB
BatchMode: 1, IsHumanControllingUs: 0, StartBugReporterOnCrash: 0, Is64bit: 1, IsPro: 0

 COMMAND LINE ARGUMENTS:
C:\Program Files\Unity\Hub\Editor\2020.2.4f1\Editor\Unity.exe
-adb2
-batchMode
-noUpm
-name
AssetImportWorker0
-projectPath
C:/Users/dawso.DESKTOP-SK6U4T8/Desktop/Unity/Intro to Computer Games Development/Lab Week 4 - Activity
-logFile
Logs/AssetImportWorker0.log
-srvPort
54600
Successfully changed project path to: C:/Users/dawso.DESKTOP-SK6U4T8/Desktop/Unity/Intro to Computer Games Development/Lab Week 4 - Activity
C:/Users/dawso.DESKTOP-SK6U4T8/Desktop/Unity/Intro to Computer Games Development/Lab Week 4 - Activity
Using Asset Import Pipeline V2.
Refreshing native plugins compatible for Editor in 20.52 ms, found 0 plugins.
Preloading 0 native plugins for Editor in 0.00 ms.
Initialize engine version: 2020.2.4f1 (becced5a802b)
[Subsystems] Discovering subsystems at path C:/Program Files/Unity/Hub/Editor/2020.2.4f1/Editor/Data/Resources/UnitySubsystems
[Subsystems] Discovering subsystems at path C:/Users/dawso.DESKTOP-SK6U4T8/Desktop/Unity/Intro to Computer Games Development/Lab Week 4 - Activity/Assets
GfxDevice: creating device client; threaded=0
Direct3D:
    Version:  Direct3D 11.0 [level 11.1]
    Renderer: NVIDIA GeForce RTX 3060 Ti (ID=0x2489)
    Vendor:   
    VRAM:     8050 MB
    Driver:   30.0.14.7168
Initialize mono
Mono path[0] = 'C:/Program Files/Unity/Hub/Editor/2020.2.4f1/Editor/Data/Managed'
Mono path[1] = 'C:/Program Files/Unity/Hub/Editor/2020.2.4f1/Editor/Data/MonoBleedingEdge/lib/mono/unityjit'
Mono config path = 'C:/Program Files/Unity/Hub/Editor/2020.2.4f1/Editor/Data/MonoBleedingEdge/etc'
Using monoOptions --debugger-agent=transport=dt_socket,embedding=1,server=y,suspend=n,address=127.0.0.1:56836
Begin MonoManager ReloadAssembly
Registering precompiled unity dll's ...
Register platform support module: C:/Program Files/Unity/Hub/Editor/2020.2.4f1/Editor/Data/PlaybackEngines/WindowsStandaloneSupport/UnityEditor.WindowsStandalone.Extensions.dll
Registered in 0.001994 seconds.
Native extension for WindowsStandalone target not found
Refreshing native plugins compatible for Editor in 20.80 ms, found 0 plugins.
Preloading 0 native plugins for Editor in 0.00 ms.
Invoked RoslynAnalysisRunner static constructor.
RoslynAnalysisRunner will not be running.
RoslynAnalysisRunner has terminated.
Mono: successfully reloaded assembly
- Completed reload, in  1.047 seconds
Platform modules already initialized, skipping
Registering precompiled user dll's ...
Registered in 0.000654 seconds.
Begin MonoManager ReloadAssembly
Native extension for WindowsStandalone target not found
Refreshing native plugins compatible for Editor in 0.19 ms, found 0 plugins.
Preloading 0 native plugins for Editor in 0.00 ms.
Invoked RoslynAnalysisRunner static constructor.
RoslynAnalysisRunner will not be running.
RoslynAnalysisRunner has terminated.
Mono: successfully reloaded assembly
- Completed reload, in  0.754 seconds
Platform modules already initialized, skipping
========================================================================
Worker process is ready to serve import requests
Launched and connected shader compiler UnityShaderCompiler.exe after 0.04 seconds
Refreshing native plugins compatible for Editor in 0.18 ms, found 0 plugins.
Preloading 0 native plugins for Editor in 0.00 ms.
Unloading 1079 Unused Serialized files (Serialized files now loaded: 0)
System memory in use before: 56.3 MB.
System memory in use after: 56.4 MB.

Unloading 9 unused Assets to reduce memory usage. Loaded Objects now: 1521.
Total: 1.824000 ms (FindLiveObjects: 0.198700 ms CreateObjectMapping: 0.275500 ms MarkObjects: 1.274100 ms  DeleteObjects: 0.074700 ms)

========================================================================
Received Import Request.
  path: Assets
  artifactKey: Guid(00000000000000001000000000000000) Importer(815301076,1909f56bfc062723c751e8b465ee728b)
Start importing Assets using Guid(00000000000000001000000000000000) Importer(815301076,1909f56bfc062723c751e8b465ee728b)  -> (artifact id: 'edc3feb264a98656617d3c2cb59c8f16') in 0.021359 seconds
  Import took 0.025024 seconds .

========================================================================
Received Import Request.
  Time since last request: 3.550684 seconds.
  path: Assets/Material
  artifactKey: Guid(63105c0210d7ebe4aabc6f5f6c88f14b) Importer(815301076,1909f56bfc062723c751e8b465ee728b)
Start importing Assets/Material using Guid(63105c0210d7ebe4aabc6f5f6c88f14b) Importer(815301076,1909f56bfc062723c751e8b465ee728b)  -> (artifact id: 'eb185ddc0f7b07a298884f88566a7c54') in 0.007488 seconds
  Import took 0.009244 seconds .

========================================================================
Received Import Request.
  Time since last request: 70.382532 seconds.
  path: Assets/Material/Red Material.mat
  artifactKey: Guid(c9bbf87644b8aac4b8d91a50e7d40811) Importer(815301076,1909f56bfc062723c751e8b465ee728b)
Start importing Assets/Material/Red Material.mat using Guid(c9bbf87644b8aac4b8d91a50e7d40811) Importer(815301076,1909f56bfc062723c751e8b465ee728b)  -> (artifact id: '2f155d293dea879d91ae0166546df109') in 0.124152 seconds
  Import took 0.125990 seconds .

========================================================================
Received Import Request.
  Time since last request: 33.083108 seconds.
  path: Assets/Material/Blue Material.mat
  artifactKey: Guid(1c668d7d5fe2cb4408c38bae99d499db) Importer(815301076,1909f56bfc062723c751e8b465ee728b)
Start importing Assets/Material/Blue Material.mat using Guid(1c668d7d5fe2cb4408c38bae99d499db) Importer(815301076,1909f56bfc062723c751e8b465ee728b)  -> (artifact id: '9c4876a78e33a9aa2272f1d9fb458f42') in 0.014507 seconds
  Import took 0.016573 seconds .

========================================================================
Received Import Request.
  Time since last request: 73.054188 seconds.
  path: Assets/Prefabs
  artifactKey: Guid(e8be9f49ec921a048af21140e6146480) Importer(815301076,1909f56bfc062723c751e8b465ee728b)
Start importing Assets/Prefabs using Guid(e8be9f49ec921a048af21140e6146480) Importer(815301076,1909f56bfc062723c751e8b465ee728b)  -> (artifact id: '2698dad60eaac10325279a41bd6c203a') in 0.007510 seconds
  Import took 0.009683 seconds .

========================================================================
Received Import Request.
  Time since last request: 2.627325 seconds.
  path: Assets/Prefabs/BlueSphere.prefab
  artifactKey: Guid(6c43972bc77818646bca5a7d89fd3442) Importer(815301076,1909f56bfc062723c751e8b465ee728b)
Start importing Assets/Prefabs/BlueSphere.prefab using Guid(6c43972bc77818646bca5a7d89fd3442) Importer(815301076,1909f56bfc062723c751e8b465ee728b)  -> (artifact id: 'c3acd525547bdf00ee357b55d3cae090') in 0.033040 seconds
  Import took 0.035275 seconds .

========================================================================
Received Import Request.
  Time since last request: 0.003152 seconds.
  path: Assets/Prefabs/BlueSphere.prefab
  artifactKey: Guid(6c43972bc77818646bca5a7d89fd3442) Importer(815301076,1909f56bfc062723c751e8b465ee728b)
Start importing Assets/Prefabs/BlueSphere.prefab using Guid(6c43972bc77818646bca5a7d89fd3442) Importer(815301076,1909f56bfc062723c751e8b465ee728b)  -> (artifact id: 'c3acd525547bdf00ee357b55d3cae090') in 0.010570 seconds
  Import took 0.013230 seconds .

========================================================================
Received Import Request.
  Time since last request: 2.564266 seconds.
  path: Assets/Prefabs/RedSphere.prefab
  artifactKey: Guid(8936634375e0a7347974508a274d41ee) Importer(815301076,1909f56bfc062723c751e8b465ee728b)
Start importing Assets/Prefabs/RedSphere.prefab using Guid(8936634375e0a7347974508a274d41ee) Importer(815301076,1909f56bfc062723c751e8b465ee728b)  -> (artifact id: 'f711a41f9e793e4f3e738e0787b5327f') in 0.025989 seconds
  Import took 0.028172 seconds .

========================================================================
Received Import Request.
  Time since last request: 0.002574 seconds.
  path: Assets/Prefabs/RedSphere.prefab
  artifactKey: Guid(8936634375e0a7347974508a274d41ee) Importer(815301076,1909f56bfc062723c751e8b465ee728b)
Start importing Assets/Prefabs/RedSphere.prefab using Guid(8936634375e0a7347974508a274d41ee) Importer(815301076,1909f56bfc062723c751e8b465ee728b)  -> (artifact id: 'f711a41f9e793e4f3e738e0787b5327f') in 0.013333 seconds
  Import took 0.015406 seconds .

========================================================================
Received Import Request.
  Time since last request: 35.814263 seconds.
  path: Assets/Scripts/LoadAssets.cs
  artifactKey: Guid(7c1bf41883b00af40ae37b4d7a8b1110) Importer(815301076,1909f56bfc062723c751e8b465ee728b)
Start importing Assets/Scripts/LoadAssets.cs using Guid(7c1bf41883b00af40ae37b4d7a8b1110) Importer(815301076,1909f56bfc062723c751e8b465ee728b)  -> (artifact id: '9408849fd43182499ebaa27d31f55dd9') in 0.017646 seconds
  Import took 0.019556 seconds .

========================================================================
Received Import Request.
  Time since last request: 0.003699 seconds.
  path: Assets/Scripts/LoadAssets.cs
  artifactKey: Guid(7c1bf41883b00af40ae37b4d7a8b1110) Importer(815301076,1909f56bfc062723c751e8b465ee728b)
Start importing Assets/Scripts/LoadAssets.cs using Guid(7c1bf41883b00af40ae37b4d7a8b1110) Importer(815301076,1909f56bfc062723c751e8b465ee728b)  -> (artifact id: '9408849fd43182499ebaa27d31f55dd9') in 0.008330 seconds
  Import took 0.010685 seconds .

========================================================================
Received Prepare
Registering precompiled user dll's ...
Registered in 0.000660 seconds.
Begin MonoManager ReloadAssembly
Native extension for WindowsStandalone target not found
Refreshing native plugins compatible for Editor in 0.19 ms, found 0 plugins.
Preloading 0 native plugins for Editor in 0.00 ms.
Invoked RoslynAnalysisRunner static constructor.
RoslynAnalysisRunner will not be running.
RoslynAnalysisRunner has terminated.
Mono: successfully reloaded assembly
- Completed reload, in  0.725 seconds
Platform modules already initialized, skipping
Refreshing native plugins compatible for Editor in 0.23 ms, found 0 plugins.
Preloading 0 native plugins for Editor in 0.00 ms.
Unloading 1074 Unused Serialized files (Serialized files now loaded: 0)
System memory in use before: 59.6 MB.
System memory in use after: 59.7 MB.

Unloading 5 unused Assets to reduce memory usage. Loaded Objects now: 1565.
Total: 2.298100 ms (FindLiveObjects: 0.350900 ms CreateObjectMapping: 0.131000 ms MarkObjects: 1.793400 ms  DeleteObjects: 0.021300 ms)

========================================================================
Received Prepare
Registering precompiled user dll's ...
Registered in 0.000710 seconds.
Begin MonoManager ReloadAssembly
Native extension for WindowsStandalone target not found
Refreshing native plugins compatible for Editor in 0.20 ms, found 0 plugins.
Preloading 0 native plugins for Editor in 0.00 ms.
Invoked RoslynAnalysisRunner static constructor.
RoslynAnalysisRunner will not be running.
RoslynAnalysisRunner has terminated.
Mono: successfully reloaded assembly
- Completed reload, in  0.738 seconds
Platform modules already initialized, skipping
Refreshing native plugins compatible for Editor in 0.22 ms, found 0 plugins.
Preloading 0 native plugins for Editor in 0.00 ms.
Unloading 1074 Unused Serialized files (Serialized files now loaded: 0)
System memory in use before: 59.6 MB.
System memory in use after: 59.7 MB.

Unloading 4 unused Assets to reduce memory usage. Loaded Objects now: 1567.
Total: 1.470400 ms (FindLiveObjects: 0.143900 ms CreateObjectMapping: 0.033800 ms MarkObjects: 1.280100 ms  DeleteObjects: 0.011600 ms)

========================================================================
Received Import Request.
  Time since last request: 452.879489 seconds.
  path: Assets/Scripts/LoadAssets.cs
  artifactKey: Guid(7c1bf41883b00af40ae37b4d7a8b1110) Importer(815301076,1909f56bfc062723c751e8b465ee728b)
Start importing Assets/Scripts/LoadAssets.cs using Guid(7c1bf41883b00af40ae37b4d7a8b1110) Importer(815301076,1909f56bfc062723c751e8b465ee728b)  -> (artifact id: '5772e7e71c0a5b8b59d2081566df6c97') in 0.004691 seconds
  Import took 0.009721 seconds .

